<?xml version="1.0" encoding="UTF-8"?>
<testng-results ignored="2" total="4" passed="1" failed="1" skipped="0">
  <reporter-output>
  </reporter-output>
  <suite started-at="2023-03-09T10:15:27 GMT-08:00" name="Suite" finished-at="2023-03-09T10:15:54 GMT-08:00" duration-ms="27106">
    <groups>
    </groups>
    <test started-at="2023-03-09T10:15:27 GMT-08:00" name="Test" finished-at="2023-03-09T10:15:54 GMT-08:00" duration-ms="27106">
      <class name="com.ds.testLayer.LoginpageTest">
        <test-method is-config="true" signature="start()[pri:0, instance:com.ds.testLayer.LoginpageTest@2a798d51]" started-at="2023-03-09T10:15:27 GMT-08:00" name="start" finished-at="2023-03-09T10:15:27 GMT-08:00" duration-ms="309" status="PASS">
          <reporter-output>
          </reporter-output>
        </test-method> <!-- start -->
        <test-method is-config="true" signature="setUp(java.lang.String)[pri:0, instance:com.ds.testLayer.LoginpageTest@2a798d51]" started-at="2023-03-09T10:15:27 GMT-08:00" name="setUp" finished-at="2023-03-09T10:15:37 GMT-08:00" duration-ms="9445" status="PASS">
          <params>
            <param index="0">
              <value>
                <![CDATA[chrome]]>
              </value>
            </param>
          </params>
          <reporter-output>
          </reporter-output>
        </test-method> <!-- setUp -->
        <test-method signature="loginveryfication()[pri:0, instance:com.ds.testLayer.LoginpageTest@2a798d51]" started-at="2023-03-09T10:15:37 GMT-08:00" name="loginveryfication" finished-at="2023-03-09T10:15:43 GMT-08:00" duration-ms="6068" status="PASS">
          <reporter-output>
          </reporter-output>
        </test-method> <!-- loginveryfication -->
        <test-method is-config="true" signature="tearDown()[pri:0, instance:com.ds.testLayer.LoginpageTest@2a798d51]" started-at="2023-03-09T10:15:43 GMT-08:00" name="tearDown" finished-at="2023-03-09T10:15:43 GMT-08:00" duration-ms="1" status="PASS">
          <reporter-output>
          </reporter-output>
        </test-method> <!-- tearDown -->
        <test-method is-config="true" signature="stop()[pri:0, instance:com.ds.testLayer.LoginpageTest@2a798d51]" started-at="2023-03-09T10:15:54 GMT-08:00" name="stop" finished-at="2023-03-09T10:15:54 GMT-08:00" duration-ms="3" status="PASS">
          <reporter-output>
          </reporter-output>
        </test-method> <!-- stop -->
      </class> <!-- com.ds.testLayer.LoginpageTest -->
      <class name="com.ds.testLayer.TransitionTest">
        <test-method is-config="true" signature="setUp(java.lang.String)[pri:0, instance:com.ds.testLayer.TransitionTest@222545dc]" started-at="2023-03-09T10:15:43 GMT-08:00" name="setUp" finished-at="2023-03-09T10:15:51 GMT-08:00" duration-ms="7769" status="PASS">
          <params>
            <param index="0">
              <value>
                <![CDATA[chrome]]>
              </value>
            </param>
          </params>
          <reporter-output>
          </reporter-output>
        </test-method> <!-- setUp -->
        <test-method signature="tansitionPageDataGet()[pri:0, instance:com.ds.testLayer.TransitionTest@222545dc]" started-at="2023-03-09T10:15:51 GMT-08:00" name="tansitionPageDataGet" finished-at="2023-03-09T10:15:54 GMT-08:00" duration-ms="2978" status="FAIL">
          <exception class="org.openqa.selenium.ElementClickInterceptedException">
            <message>
              <![CDATA[element click intercepted: Element <a class="nav-link dropdown-togglez arrow-none" href="/transactions">...</a> is not clickable at point (493, 96). Other element would receive the click: <div id="preloader" style="display: block;">...</div>
  (Session info: chrome=110.0.5481.178)
Build info: version: '4.5.3', revision: '4b786a1e430'
System info: os.name: 'Windows 10', os.arch: 'amd64', os.version: '10.0', java.version: '19'
Driver info: org.openqa.selenium.chrome.ChromeDriver
Command: [c63ff16490cf61f8c8851aceaa0f08a5, clickElement {id=2be50aa0-36a2-44f8-9834-57b5e063fe60}]
Capabilities {acceptInsecureCerts: false, browserName: chrome, browserVersion: 110.0.5481.178, chrome: {chromedriverVersion: 110.0.5481.77 (65ed616c6e8e..., userDataDir: C:\Users\GLOBAL\AppData\Loc...}, goog:chromeOptions: {debuggerAddress: localhost:65272}, networkConnectionEnabled: false, pageLoadStrategy: normal, platformName: WINDOWS, proxy: Proxy(), se:cdp: ws://localhost:65272/devtoo..., se:cdpVersion: 110.0.5481.178, setWindowRect: true, strictFileInteractability: false, timeouts: {implicit: 0, pageLoad: 300000, script: 30000}, unhandledPromptBehavior: dismiss and notify, webauthn:extension:credBlob: true, webauthn:extension:largeBlob: true, webauthn:virtualAuthenticators: true}
Element: [[ChromeDriver: chrome on WINDOWS (c63ff16490cf61f8c8851aceaa0f08a5)] -> xpath: //a[@class='nav-link dropdown-togglez arrow-none']]
Session ID: c63ff16490cf61f8c8851aceaa0f08a5]]>
            </message>
            <full-stacktrace>
              <![CDATA[org.openqa.selenium.ElementClickInterceptedException: element click intercepted: Element <a class="nav-link dropdown-togglez arrow-none" href="/transactions">...</a> is not clickable at point (493, 96). Other element would receive the click: <div id="preloader" style="display: block;">...</div>
  (Session info: chrome=110.0.5481.178)
Build info: version: '4.5.3', revision: '4b786a1e430'
System info: os.name: 'Windows 10', os.arch: 'amd64', os.version: '10.0', java.version: '19'
Driver info: org.openqa.selenium.chrome.ChromeDriver
Command: [c63ff16490cf61f8c8851aceaa0f08a5, clickElement {id=2be50aa0-36a2-44f8-9834-57b5e063fe60}]
Capabilities {acceptInsecureCerts: false, browserName: chrome, browserVersion: 110.0.5481.178, chrome: {chromedriverVersion: 110.0.5481.77 (65ed616c6e8e..., userDataDir: C:\Users\GLOBAL\AppData\Loc...}, goog:chromeOptions: {debuggerAddress: localhost:65272}, networkConnectionEnabled: false, pageLoadStrategy: normal, platformName: WINDOWS, proxy: Proxy(), se:cdp: ws://localhost:65272/devtoo..., se:cdpVersion: 110.0.5481.178, setWindowRect: true, strictFileInteractability: false, timeouts: {implicit: 0, pageLoad: 300000, script: 30000}, unhandledPromptBehavior: dismiss and notify, webauthn:extension:credBlob: true, webauthn:extension:largeBlob: true, webauthn:virtualAuthenticators: true}
Element: [[ChromeDriver: chrome on WINDOWS (c63ff16490cf61f8c8851aceaa0f08a5)] -> xpath: //a[@class='nav-link dropdown-togglez arrow-none']]
Session ID: c63ff16490cf61f8c8851aceaa0f08a5
at java.base/jdk.internal.reflect.DirectConstructorHandleAccessor.newInstance(DirectConstructorHandleAccessor.java:67)
at java.base/java.lang.reflect.Constructor.newInstanceWithCaller(Constructor.java:500)
at java.base/java.lang.reflect.Constructor.newInstance(Constructor.java:484)
at org.openqa.selenium.remote.codec.w3c.W3CHttpResponseCodec.createException(W3CHttpResponseCodec.java:200)
at org.openqa.selenium.remote.codec.w3c.W3CHttpResponseCodec.decode(W3CHttpResponseCodec.java:133)
at org.openqa.selenium.remote.codec.w3c.W3CHttpResponseCodec.decode(W3CHttpResponseCodec.java:53)
at org.openqa.selenium.remote.HttpCommandExecutor.execute(HttpCommandExecutor.java:184)
at org.openqa.selenium.remote.service.DriverCommandExecutor.invokeExecute(DriverCommandExecutor.java:167)
at org.openqa.selenium.remote.service.DriverCommandExecutor.execute(DriverCommandExecutor.java:142)
at org.openqa.selenium.remote.RemoteWebDriver.execute(RemoteWebDriver.java:541)
at org.openqa.selenium.remote.RemoteWebElement.execute(RemoteWebElement.java:257)
at org.openqa.selenium.remote.RemoteWebElement.click(RemoteWebElement.java:78)
at java.base/jdk.internal.reflect.DirectMethodHandleAccessor.invoke(DirectMethodHandleAccessor.java:104)
at java.base/java.lang.reflect.Method.invoke(Method.java:578)
at org.openqa.selenium.support.pagefactory.internal.LocatingElementHandler.invoke(LocatingElementHandler.java:52)
at jdk.proxy2/jdk.proxy2.$Proxy19.click(Unknown Source)
at com.ds.pageLayer.DashBoardPage.clickontransitionbutton(DashBoardPage.java:48)
at com.ds.testLayer.TransitionTest.tansitionPageDataGet(TransitionTest.java:23)
at java.base/jdk.internal.reflect.DirectMethodHandleAccessor.invoke(DirectMethodHandleAccessor.java:104)
at java.base/java.lang.reflect.Method.invoke(Method.java:578)
at org.testng.internal.MethodInvocationHelper.invokeMethod(MethodInvocationHelper.java:133)
at org.testng.internal.TestInvoker.invokeMethod(TestInvoker.java:598)
at org.testng.internal.TestInvoker.invokeTestMethod(TestInvoker.java:173)
at org.testng.internal.MethodRunner.runInSequence(MethodRunner.java:46)
at org.testng.internal.TestInvoker$MethodInvocationAgent.invoke(TestInvoker.java:824)
at org.testng.internal.TestInvoker.invokeTestMethods(TestInvoker.java:146)
at org.testng.internal.TestMethodWorker.invokeTestMethods(TestMethodWorker.java:146)
at org.testng.internal.TestMethodWorker.run(TestMethodWorker.java:128)
at java.base/java.util.ArrayList.forEach(ArrayList.java:1511)
at org.testng.TestRunner.privateRun(TestRunner.java:794)
at org.testng.TestRunner.run(TestRunner.java:596)
at org.testng.SuiteRunner.runTest(SuiteRunner.java:377)
at org.testng.SuiteRunner.runSequentially(SuiteRunner.java:371)
at org.testng.SuiteRunner.privateRun(SuiteRunner.java:332)
at org.testng.SuiteRunner.run(SuiteRunner.java:276)
at org.testng.SuiteRunnerWorker.runSuite(SuiteRunnerWorker.java:53)
at org.testng.SuiteRunnerWorker.run(SuiteRunnerWorker.java:96)
at org.testng.TestNG.runSuitesSequentially(TestNG.java:1212)
at org.testng.TestNG.runSuitesLocally(TestNG.java:1134)
at org.testng.TestNG.runSuites(TestNG.java:1063)
at org.testng.TestNG.run(TestNG.java:1031)
at org.testng.remote.AbstractRemoteTestNG.run(AbstractRemoteTestNG.java:115)
at org.testng.remote.RemoteTestNG.initAndRun(RemoteTestNG.java:251)
at org.testng.remote.RemoteTestNG.main(RemoteTestNG.java:77)
]]>
            </full-stacktrace>
          </exception> <!-- org.openqa.selenium.ElementClickInterceptedException -->
          <reporter-output>
          </reporter-output>
        </test-method> <!-- tansitionPageDataGet -->
        <test-method is-config="true" signature="tearDown()[pri:0, instance:com.ds.testLayer.TransitionTest@222545dc]" started-at="2023-03-09T10:15:54 GMT-08:00" name="tearDown" finished-at="2023-03-09T10:15:54 GMT-08:00" duration-ms="0" status="PASS">
          <reporter-output>
          </reporter-output>
        </test-method> <!-- tearDown -->
      </class> <!-- com.ds.testLayer.TransitionTest -->
    </test> <!-- Test -->
  </suite> <!-- Suite -->
</testng-results>
